<?xml version="1.0" encoding="UTF-8"?>
<testng-results ignored="0" total="2" passed="2" failed="0" skipped="0">
  <reporter-output>
  </reporter-output>
  <suite started-at="2025-04-15T11:45:02 IST" name="Surefire suite" finished-at="2025-04-15T11:45:10 IST" duration-ms="8301">
    <groups>
    </groups>
    <test started-at="2025-04-15T11:45:02 IST" name="Surefire test" finished-at="2025-04-15T11:45:10 IST" duration-ms="8301">
      <class name="com.crm.qa.testcases.LoginPageTest">
        <test-method is-config="true" signature="Setup()[pri:0, instance:com.crm.qa.testcases.LoginPageTest@78e94dcf]" started-at="2025-04-15T11:45:02 IST" name="Setup" finished-at="2025-04-15T11:45:06 IST" duration-ms="3756" status="PASS">
          <reporter-output>
          </reporter-output>
        </test-method> <!-- Setup -->
        <test-method signature="LoginTitleTest()[pri:1, instance:com.crm.qa.testcases.LoginPageTest@78e94dcf]" started-at="2025-04-15T11:45:06 IST" name="LoginTitleTest" finished-at="2025-04-15T11:45:06 IST" duration-ms="15" status="PASS">
          <reporter-output>
          </reporter-output>
        </test-method> <!-- LoginTitleTest -->
        <test-method is-config="true" signature="teardown()[pri:0, instance:com.crm.qa.testcases.LoginPageTest@78e94dcf]" started-at="2025-04-15T11:45:06 IST" name="teardown" finished-at="2025-04-15T11:45:06 IST" duration-ms="210" status="PASS">
          <reporter-output>
          </reporter-output>
        </test-method> <!-- teardown -->
        <test-method is-config="true" signature="Setup()[pri:0, instance:com.crm.qa.testcases.LoginPageTest@78e94dcf]" started-at="2025-04-15T11:45:06 IST" name="Setup" finished-at="2025-04-15T11:45:09 IST" duration-ms="3202" status="PASS">
          <reporter-output>
          </reporter-output>
        </test-method> <!-- Setup -->
        <test-method signature="ClickLoginButton()[pri:2, instance:com.crm.qa.testcases.LoginPageTest@78e94dcf]" started-at="2025-04-15T11:45:09 IST" name="ClickLoginButton" finished-at="2025-04-15T11:45:10 IST" duration-ms="865" status="PASS">
          <reporter-output>
          </reporter-output>
        </test-method> <!-- ClickLoginButton -->
        <test-method is-config="true" signature="teardown()[pri:0, instance:com.crm.qa.testcases.LoginPageTest@78e94dcf]" started-at="2025-04-15T11:45:10 IST" name="teardown" finished-at="2025-04-15T11:45:10 IST" duration-ms="206" status="PASS">
          <reporter-output>
          </reporter-output>
        </test-method> <!-- teardown -->
      </class> <!-- com.crm.qa.testcases.LoginPageTest -->
    </test> <!-- Surefire test -->
  </suite> <!-- Surefire suite -->
</testng-results>
