<?xml version="1.0" encoding="UTF-8"?>
<testng-results total="2" passed="2" failed="0" skipped="0">
  <reporter-output>
  </reporter-output>
  <suite started-at="2025-04-10T02:17:30Z" name="Default suite" finished-at="2025-04-10T02:17:39Z" duration-ms="8577">
    <groups>
    </groups>
    <test started-at="2025-04-10T02:17:30Z" name="Default test" finished-at="2025-04-10T02:17:39Z" duration-ms="8577">
      <class name="com.crm.qa.testcases.LoginPageTest">
        <test-method is-config="true" signature="Setup()[pri:0, instance:com.crm.qa.testcases.LoginPageTest@7334aada]" started-at="2025-04-10T07:47:30Z" name="Setup" finished-at="2025-04-10T07:47:35Z" duration-ms="4346" status="PASS">
          <reporter-output>
          </reporter-output>
        </test-method> <!-- Setup -->
        <test-method signature="LoginTitleTest()[pri:0, instance:com.crm.qa.testcases.LoginPageTest@7334aada]" started-at="2025-04-10T07:47:35Z" name="LoginTitleTest" finished-at="2025-04-10T07:47:35Z" duration-ms="16" status="PASS">
          <reporter-output>
          </reporter-output>
        </test-method> <!-- LoginTitleTest -->
        <test-method is-config="true" signature="teardown()[pri:0, instance:com.crm.qa.testcases.LoginPageTest@7334aada]" started-at="2025-04-10T07:47:35Z" name="teardown" finished-at="2025-04-10T07:47:35Z" duration-ms="292" status="PASS">
          <reporter-output>
          </reporter-output>
        </test-method> <!-- teardown -->
        <test-method is-config="true" signature="Setup()[pri:0, instance:com.crm.qa.testcases.LoginPageTest@7334aada]" started-at="2025-04-10T07:47:35Z" name="Setup" finished-at="2025-04-10T07:47:37Z" duration-ms="1901" status="PASS">
          <reporter-output>
          </reporter-output>
        </test-method> <!-- Setup -->
        <test-method signature="ClickLoginButton()[pri:0, instance:com.crm.qa.testcases.LoginPageTest@7334aada]" started-at="2025-04-10T07:47:37Z" name="ClickLoginButton" finished-at="2025-04-10T07:47:39Z" duration-ms="1799" status="PASS">
          <reporter-output>
          </reporter-output>
        </test-method> <!-- ClickLoginButton -->
        <test-method is-config="true" signature="teardown()[pri:0, instance:com.crm.qa.testcases.LoginPageTest@7334aada]" started-at="2025-04-10T07:47:39Z" name="teardown" finished-at="2025-04-10T07:47:39Z" duration-ms="213" status="PASS">
          <reporter-output>
          </reporter-output>
        </test-method> <!-- teardown -->
      </class> <!-- com.crm.qa.testcases.LoginPageTest -->
    </test> <!-- Default test -->
  </suite> <!-- Default suite -->
</testng-results>
